<?xml version="1.0" encoding="UTF-8"?>
<!-- Generated by org.testng.reporters.JUnitReportReporter -->
<testsuite hostname="LTIN509672" failures="0" tests="2" name="testRunnerTownScript.TestRunnerTownScript" time="262.099" errors="0" timestamp="2024-04-23T09:28:45 IST" skipped="0">
  <testcase classname="testRunnerTownScript.TestRunnerTownScript" name="runScenario" time="202.772"/>
  <system-out/>
  <testcase classname="testRunnerTownScript.TestRunnerTownScript" name="runScenario" time="59.327"/>
  <system-out/>
</testsuite> <!-- testRunnerTownScript.TestRunnerTownScript -->
